<?xml version="1.0" encoding="UTF-8"?>
<testng-results skipped="0" failed="0" ignored="0" total="2" passed="2">
  <reporter-output>
  </reporter-output>
  <suite name="Default suite" duration-ms="76" started-at="2020-10-31T16:02:49 IST" finished-at="2020-10-31T16:02:49 IST">
    <groups>
    </groups>
    <test name="Default test" duration-ms="76" started-at="2020-10-31T16:02:49 IST" finished-at="2020-10-31T16:02:49 IST">
      <class name="gitproject.Testcases">
        <test-method status="PASS" signature="negativeData()[pri:0, instance:gitproject.Testcases@6321e813]" name="negativeData" duration-ms="14" started-at="2020-10-31T16:02:49 IST" finished-at="2020-10-31T16:02:49 IST">
          <reporter-output>
          </reporter-output>
        </test-method> <!-- negativeData -->
        <test-method status="PASS" signature="positiveData()[pri:0, instance:gitproject.Testcases@6321e813]" name="positiveData" duration-ms="1" started-at="2020-10-31T16:02:49 IST" finished-at="2020-10-31T16:02:49 IST">
          <reporter-output>
          </reporter-output>
        </test-method> <!-- positiveData -->
      </class> <!-- gitproject.Testcases -->
    </test> <!-- Default test -->
  </suite> <!-- Default suite -->
</testng-results>
