<?xml version="1.0" encoding="UTF-8"?>
<testng-results skipped="0" failed="0" ignored="0" total="1" passed="1">
  <reporter-output>
  </reporter-output>
  <suite name="Default suite" duration-ms="8615" started-at="2020-10-28T10:02:58 IST" finished-at="2020-10-28T10:03:06 IST">
    <groups>
    </groups>
    <test name="Default test" duration-ms="8615" started-at="2020-10-28T10:02:58 IST" finished-at="2020-10-28T10:03:06 IST">
      <class name="gitproject.JavaTest">
        <test-method status="PASS" signature="setUp()[pri:0, instance:gitproject.JavaTest@1efed156]" name="setUp" duration-ms="8530" started-at="2020-10-28T10:02:58 IST" finished-at="2020-10-28T10:03:06 IST">
          <reporter-output>
          </reporter-output>
        </test-method> <!-- setUp -->
      </class> <!-- gitproject.JavaTest -->
    </test> <!-- Default test -->
  </suite> <!-- Default suite -->
</testng-results>
